#
# There is insufficient memory for the Java Runtime Environment to continue.
# Native memory allocation (malloc) failed to allocate 1048576 bytes for AllocateHeap
# Possible reasons:
#   The system is out of physical RAM or swap space
#   The process is running with CompressedOops enabled, and the Java Heap may be blocking the growth of the native heap
# Possible solutions:
#   Reduce memory load on the system
#   Increase physical memory or swap space
#   Check if swap backing store is full
#   Decrease Java heap size (-Xmx/-Xms)
#   Decrease number of Java threads
#   Decrease Java thread stack sizes (-Xss)
#   Set larger code cache with -XX:ReservedCodeCacheSize=
#   JVM is running with Unscaled Compressed Oops mode in which the Java heap is
#     placed in the first 4GB address space. The Java Heap base address is the
#     maximum limit for the native heap growth. Please use -XX:HeapBaseMinAddress
#     to set the Java Heap base and to place the Java Heap above 4GB virtual address.
# This output file may be truncated or incomplete.
#
#  Out of Memory Error (memory/allocation.inline.hpp:61), pid=41108, tid=0x000000000000a0b8
#
# JRE version:  (8.0_221-b11) (build )
# Java VM: Java HotSpot(TM) 64-Bit Server VM (25.221-b11 mixed mode windows-amd64 compressed oops)
# Failed to write core dump. Minidumps are not enabled by default on client versions of Windows
#

---------------  T H R E A D  ---------------

Current thread (0x0000000002f64800):  JavaThread "Unknown thread" [_thread_in_vm, id=41144, stack(0x0000000002db0000,0x0000000002eb0000)]

Stack: [0x0000000002db0000,0x0000000002eb0000]
[error occurred during error reporting (printing stack bounds), id 0xc0000005]

Native frames: (J=compiled Java code, j=interpreted, Vv=VM code, C=native code)


---------------  P R O C E S S  ---------------

Java Threads: ( => current thread )

Other Threads:

=>0x0000000002f64800 (exited) JavaThread "Unknown thread" [_thread_in_vm, id=41144, stack(0x0000000002db0000,0x0000000002eb0000)]

VM state:not at safepoint (normal execution)

VM Mutex/Monitor currently owned by a thread: None

heap address: 0x00000000c2800000, size: 984 MB, Compressed Oops mode: 32-bit
Narrow klass base: 0x0000000000000000, Narrow klass shift: 3
Compressed class space size: 1073741824 Address: 0x0000000100000000

Heap:
 PSYoungGen      total 18432K, used 317K [0x00000000eb800000, 0x00000000ecc80000, 0x0000000100000000)
  eden space 15872K, 2% used [0x00000000eb800000,0x00000000eb84f5d0,0x00000000ec780000)
  from space 2560K, 0% used [0x00000000eca00000,0x00000000eca00000,0x00000000ecc80000)
  to   space 2560K, 0% used [0x00000000ec780000,0x00000000ec780000,0x00000000eca00000)
 ParOldGen       total 42496K, used 0K [0x00000000c2800000, 0x00000000c5180000, 0x00000000eb800000)
  object space 42496K, 0% used [0x00000000c2800000,0x00000000c2800000,0x00000000c5180000)
 Metaspace       used 763K, capacity 4480K, committed 4480K, reserved 1056768K
  class space    used 76K, capacity 384K, committed 384K, reserved 1048576K

Card table byte_map: [0x00000000124d0000,0x00000000126c0000] byte_map_base: 0x0000000011ebc000

Marking Bits: (ParMarkBitMap*) 0x0000000077e75ce0
 Begin Bits: [0x0000000012a10000, 0x0000000013970000)
 End Bits:   [0x0000000013970000, 0x00000000148d0000)

Polling page: 0x0000000000dc0000

CodeCache: size=245760Kb used=327Kb max_used=327Kb free=245432Kb
 bounds [0x0000000003110000, 0x0000000003380000, 0x0000000012110000]
 total_blobs=57 nmethods=0 adapters=38
 compilation: enabled

Compilation events (0 events):
No events

GC Heap History (0 events):
No events

Deoptimization events (0 events):
No events

Classes redefined (0 events):
No events

Internal exceptions (0 events):
No events

Events (10 events):
Event: 0.064 loading class java/lang/Short
Event: 0.064 loading class java/lang/Short done
Event: 0.064 loading class java/lang/Integer
Event: 0.064 loading class java/lang/Integer done
Event: 0.064 loading class java/lang/Long
Event: 0.065 loading class java/lang/Long done
Event: 0.067 loading class java/lang/NullPointerException
Event: 0.067 loading class java/lang/NullPointerException done
Event: 0.067 loading class java/lang/ArithmeticException
Event: 0.067 loading class java/lang/ArithmeticException done


Dynamic libraries:
0x00007ff6942e0000 - 0x00007ff694317000 	C:\Program Files\Java\jre1.8.0_221\bin\javaw.exe
0x00007ffd5f960000 - 0x00007ffd5fb50000 	C:\WINDOWS\SYSTEM32\ntdll.dll
0x00007ffd5ea30000 - 0x00007ffd5eae2000 	C:\WINDOWS\System32\KERNEL32.DLL
0x00007ffd5c9a0000 - 0x00007ffd5cc43000 	C:\WINDOWS\System32\KERNELBASE.dll
0x00007ffd5dd40000 - 0x00007ffd5dde3000 	C:\WINDOWS\System32\ADVAPI32.dll
0x00007ffd5e690000 - 0x00007ffd5e72e000 	C:\WINDOWS\System32\msvcrt.dll
0x00007ffd5da10000 - 0x00007ffd5daa7000 	C:\WINDOWS\System32\sechost.dll
0x00007ffd5e890000 - 0x00007ffd5e9b0000 	C:\WINDOWS\System32\RPCRT4.dll
0x00007ffd5ec40000 - 0x00007ffd5edd4000 	C:\WINDOWS\System32\USER32.dll
0x00007ffd5c8f0000 - 0x00007ffd5c911000 	C:\WINDOWS\System32\win32u.dll
0x00007ffd5e730000 - 0x00007ffd5e756000 	C:\WINDOWS\System32\GDI32.dll
0x00007ffd5d670000 - 0x00007ffd5d804000 	C:\WINDOWS\System32\gdi32full.dll
0x00007ffd5d550000 - 0x00007ffd5d5ee000 	C:\WINDOWS\System32\msvcp_win.dll
0x00007ffd5d420000 - 0x00007ffd5d51a000 	C:\WINDOWS\System32\ucrtbase.dll
0x00007ffd4db70000 - 0x00007ffd4ddf5000 	C:\WINDOWS\WinSxS\amd64_microsoft.windows.common-controls_6595b64144ccf1df_6.0.18362.535_none_e6c3b34713100821\COMCTL32.dll
0x00007ffd5f530000 - 0x00007ffd5f866000 	C:\WINDOWS\System32\combase.dll
0x00007ffd5c920000 - 0x00007ffd5c9a0000 	C:\WINDOWS\System32\bcryptPrimitives.dll
0x00007ffd5f8f0000 - 0x00007ffd5f91e000 	C:\WINDOWS\System32\IMM32.DLL
0x0000000077490000 - 0x0000000077562000 	C:\Program Files\Java\jre1.8.0_221\bin\msvcr100.dll
0x0000000077650000 - 0x0000000077ef5000 	C:\Program Files\Java\jre1.8.0_221\bin\server\jvm.dll
0x00007ffd5f520000 - 0x00007ffd5f528000 	C:\WINDOWS\System32\PSAPI.DLL
0x00007ffd49510000 - 0x00007ffd49519000 	C:\WINDOWS\SYSTEM32\WSOCK32.dll
0x00007ffd5f390000 - 0x00007ffd5f3ff000 	C:\WINDOWS\System32\WS2_32.dll
0x00007ffd58ec0000 - 0x00007ffd58ee4000 	C:\WINDOWS\SYSTEM32\WINMM.dll
0x00007ffd4e8b0000 - 0x00007ffd4e8ba000 	C:\WINDOWS\SYSTEM32\VERSION.dll
0x00007ffd58dc0000 - 0x00007ffd58ded000 	C:\WINDOWS\SYSTEM32\WINMMBASE.dll
0x00007ffd5d3d0000 - 0x00007ffd5d41a000 	C:\WINDOWS\System32\cfgmgr32.dll
0x00007ffd4b9e0000 - 0x00007ffd4b9ef000 	C:\Program Files\Java\jre1.8.0_221\bin\verify.dll
0x00007ffd37c50000 - 0x00007ffd37c79000 	C:\Program Files\Java\jre1.8.0_221\bin\java.dll
0x00007ffd4fab0000 - 0x00007ffd4fae5000 	C:\Program Files\Java\jre1.8.0_221\bin\jdwp.dll
0x00007ffd5baf0000 - 0x00007ffd5baf8000 	C:\Program Files\Java\jre1.8.0_221\bin\npt.dll
0x00007ffd44f20000 - 0x00007ffd44f36000 	C:\Program Files\Java\jre1.8.0_221\bin\zip.dll

VM Arguments:
jvm_args: -agentlib:jdwp=transport=dt_socket,suspend=y,address=localhost:51632 -ea -Dfile.encoding=Cp1252 
java_command: org.eclipse.jdt.internal.junit.runner.RemoteTestRunner -version 3 -port 51631 -testLoaderClass org.eclipse.jdt.internal.junit4.runner.JUnit4TestLoader -loaderpluginname org.eclipse.jdt.junit4.runtime -classNames com.runner.Testrunner
java_class_path (initial): C:\Users\karthiabi\Adatcincucum\target\test-classes;C:\Users\karthiabi\Adatcincucum\target\classes;C:\Users\karthiabi\.m2\repository\org\seleniumhq\selenium\selenium-java\3.141.59\selenium-java-3.141.59.jar;C:\Users\karthiabi\.m2\repository\org\seleniumhq\selenium\selenium-api\3.141.59\selenium-api-3.141.59.jar;C:\Users\karthiabi\.m2\repository\org\seleniumhq\selenium\selenium-chrome-driver\3.141.59\selenium-chrome-driver-3.141.59.jar;C:\Users\karthiabi\.m2\repository\org\seleniumhq\selenium\selenium-edge-driver\3.141.59\selenium-edge-driver-3.141.59.jar;C:\Users\karthiabi\.m2\repository\org\seleniumhq\selenium\selenium-firefox-driver\3.141.59\selenium-firefox-driver-3.141.59.jar;C:\Users\karthiabi\.m2\repository\org\seleniumhq\selenium\selenium-ie-driver\3.141.59\selenium-ie-driver-3.141.59.jar;C:\Users\karthiabi\.m2\repository\org\seleniumhq\selenium\selenium-opera-driver\3.141.59\selenium-opera-driver-3.141.59.jar;C:\Users\karthiabi\.m2\repository\org\seleniumhq\selenium\selenium-remote-driver\3.141.59\selenium-remote-driver-3.141.59.jar;C:\Users\karthiabi\.m2\repository\org\seleniumhq\selenium\selenium-safari-driver\3.141.59\selenium-safari-driver-3.141.59.jar;C:\Users\karthiabi\.m2\repository\org\seleniumhq\selenium\selenium-support\3.141.59\selenium-support-3.141.59.jar;C:\Users\karthiabi\.m2\repository\net\bytebuddy\byte-buddy\1.8.15\byte-buddy-1.8.15.jar;C:\Users\karthiabi\.m2\repository\org\apache\commons\commons-exec\1.3\commons-exec-1.3.jar;C:\Users\karthiabi\.m2\repository\com\google\guava\guava\25.0-jre\guava-25.0-jre.jar;C:\Users\karthiabi\.m2\repository\com\google\code\findbugs\jsr305\1.3.9\jsr305-1.3.9.jar;C:\Users\karthiabi\.m2\repository\org\checkerframework\checker-compat-qual\2.0.0\checker-compat-qual-2.0.0.jar;C:\Users\karthiabi\.m2\repository\com\google\errorprone\error_prone_annotations\2.1.3\error_prone_annotations-2.1.3.jar;C:\Users\karthiabi\.m2\repository\com\google\j2objc\j2objc-annotations\1.1\j2objc-annotati
Launcher Type: SUN_STANDARD

Environment Variables:
JAVA_HOME=C:\Program Files\Java\jdk1.8.0_221
PATH=C:/Program Files/Java/jre1.8.0_221/bin/server;C:/Program Files/Java/jre1.8.0_221/bin;C:/Program Files/Java/jre1.8.0_221/lib/amd64;C:\Program Files (x86)\Common Files\Oracle\Java\javapath;C:\Program Files (x86)\Intel\TXE Components\iCLS\;C:\Program Files\Intel\TXE Components\iCLS\;C:\WINDOWS\system32;C:\WINDOWS;C:\WINDOWS\System32\Wbem;C:\WINDOWS\System32\WindowsPowerShell\v1.0\;C:\WINDOWS\System32\OpenSSH\;C:\Users\Administrator\AppData\Local\Microsoft\WindowsApps;C:\Recovery\OEM\Backup\;C:\Program Files\Intel\TXE Components\DAL\;C:\Program Files (x86)\Intel\TXE Components\DAL\;C:\Program Files\Intel\TXE Components\IPT\;C:\Program Files (x86)\Intel\TXE Components\IPT\;C:\Program Files\Java\jdk1.8.0_221\bin;C:\Program Files\Java\jre1.8.0_221\bin;C:\Users\karthiabi\Downloads\apache-maven-3.6.2-bin\apache-maven-3.6.2\bin;C:\Users\karthiabi\Downloads\apache-maven-3.6.2-bin (2)\apache-maven-3.6.2\bin;C:\WINDOWS\system32;C:\WINDOWS;C:\WINDOWS\System32\Wbem;C:\WINDOWS\System32\WindowsPowerShell\v1.0\;C:\WINDOWS\System32\OpenSSH\;C:\Program Files\Git\cmd;C:\Users\karthiabi\AppData\Local\Microsoft\WindowsApps;C:\Program Files\Java\jdk1.8.0_221;;C:\eclipse-java-oxygen-3a-win32-x86_64\eclipse;
USERNAME=karthiabi
OS=Windows_NT
PROCESSOR_IDENTIFIER=Intel64 Family 6 Model 92 Stepping 9, GenuineIntel



---------------  S Y S T E M  ---------------

OS: Windows 10.0 , 64 bit Build 18362 (10.0.18362.329)

CPU:total 2 (initial active 2) (2 cores per cpu, 1 threads per core) family 6 model 92 stepping 9, cmov, cx8, fxsr, mmx, sse, sse2, sse3, ssse3, sse4.1, sse4.2, popcnt, aes, clmul, erms, 3dnowpref, tsc, tscinvbit

Memory: 4k page, physical 4023148k(289240k free), swap 11451624k(5204k free)

vm_info: Java HotSpot(TM) 64-Bit Server VM (25.221-b11) for windows-amd64 JRE (1.8.0_221-b11), built on Jul  4 2019 04:39:29 by "java_re" with MS VC++ 10.0 (VS2010)

time: Sat Jan 11 01:43:45 2020
timezone: India Standard Time
elapsed time: 0 seconds (0d 0h 0m 0s)

